[02-Jun-2026 13:45:25 UTC] PHP Warning:  require_once(C:\Users\Hp\Local Sites\oauth-influencer-onboarding\app\public\wp-content\plugins\oauth-influencer-onboarding/includes/class-instagram-oauth.php): Failed to open stream: No such file or directory in C:\Users\Hp\Local Sites\oauth-influencer-onboarding\app\public\wp-content\plugins\oauth-influencer-onboarding\oauth-influencer-onboarding.php on line 22
[02-Jun-2026 13:45:25 UTC] PHP Fatal error:  Uncaught Error: Failed opening required 'C:\Users\Hp\Local Sites\oauth-influencer-onboarding\app\public\wp-content\plugins\oauth-influencer-onboarding/includes/class-instagram-oauth.php' (include_path='.:/usr/share/php:/www/wp-content/pear') in C:\Users\Hp\Local Sites\oauth-influencer-onboarding\app\public\wp-content\plugins\oauth-influencer-onboarding\oauth-influencer-onboarding.php:22
Stack trace:
#0 C:\Users\Hp\Local Sites\oauth-influencer-onboarding\app\public\wp-settings.php(589): include_once()
#1 C:\Users\Hp\Local Sites\oauth-influencer-onboarding\app\public\wp-config.php(107): require_once('C:\\Users\\Hp\\Loc...')
#2 C:\Users\Hp\Local Sites\oauth-influencer-onboarding\app\public\wp-load.php(50): require_once('C:\\Users\\Hp\\Loc...')
#3 C:\Users\Hp\Local Sites\oauth-influencer-onboarding\app\public\wp-admin\admin-ajax.php(22): require_once('C:\\Users\\Hp\\Loc...')
#4 {main}
  thrown in C:\Users\Hp\Local Sites\oauth-influencer-onboarding\app\public\wp-content\plugins\oauth-influencer-onboarding\oauth-influencer-onboarding.php on line 22
[02-Jun-2026 13:45:37 UTC] PHP Warning:  require_once(C:\Users\Hp\Local Sites\oauth-influencer-onboarding\app\public\wp-content\plugins\oauth-influencer-onboarding/includes/class-instagram-oauth.php): Failed to open stream: No such file or directory in C:\Users\Hp\Local Sites\oauth-influencer-onboarding\app\public\wp-content\plugins\oauth-influencer-onboarding\oauth-influencer-onboarding.php on line 22
[02-Jun-2026 13:45:37 UTC] PHP Fatal error:  Uncaught Error: Failed opening required 'C:\Users\Hp\Local Sites\oauth-influencer-onboarding\app\public\wp-content\plugins\oauth-influencer-onboarding/includes/class-instagram-oauth.php' (include_path='.:/usr/share/php:/www/wp-content/pear') in C:\Users\Hp\Local Sites\oauth-influencer-onboarding\app\public\wp-content\plugins\oauth-influencer-onboarding\oauth-influencer-onboarding.php:22
Stack trace:
#0 C:\Users\Hp\Local Sites\oauth-influencer-onboarding\app\public\wp-settings.php(589): include_once()
#1 C:\Users\Hp\Local Sites\oauth-influencer-onboarding\app\public\wp-config.php(107): require_once('C:\\Users\\Hp\\Loc...')
#2 C:\Users\Hp\Local Sites\oauth-influencer-onboarding\app\public\wp-load.php(50): require_once('C:\\Users\\Hp\\Loc...')
#3 C:\Users\Hp\Local Sites\oauth-influencer-onboarding\app\public\wp-admin\admin.php(35): require_once('C:\\Users\\Hp\\Loc...')
#4 C:\Users\Hp\Local Sites\oauth-influencer-onboarding\app\public\wp-admin\index.php(10): require_once('C:\\Users\\Hp\\Loc...')
#5 {main}
  thrown in C:\Users\Hp\Local Sites\oauth-influencer-onboarding\app\public\wp-content\plugins\oauth-influencer-onboarding\oauth-influencer-onboarding.php on line 22
[02-Jun-2026 13:47:26 UTC] PHP Warning:  require_once(C:\Users\Hp\Local Sites\oauth-influencer-onboarding\app\public\wp-content\plugins\oauth-influencer-onboarding/includes/class-instagram-oauth.php): Failed to open stream: No such file or directory in C:\Users\Hp\Local Sites\oauth-influencer-onboarding\app\public\wp-content\plugins\oauth-influencer-onboarding\oauth-influencer-onboarding.php on line 22
[02-Jun-2026 13:47:26 UTC] PHP Fatal error:  Uncaught Error: Failed opening required 'C:\Users\Hp\Local Sites\oauth-influencer-onboarding\app\public\wp-content\plugins\oauth-influencer-onboarding/includes/class-instagram-oauth.php' (include_path='.:/usr/share/php:/www/wp-content/pear') in C:\Users\Hp\Local Sites\oauth-influencer-onboarding\app\public\wp-content\plugins\oauth-influencer-onboarding\oauth-influencer-onboarding.php:22
Stack trace:
#0 C:\Users\Hp\Local Sites\oauth-influencer-onboarding\app\public\wp-settings.php(589): include_once()
#1 C:\Users\Hp\Local Sites\oauth-influencer-onboarding\app\public\wp-config.php(107): require_once('C:\\Users\\Hp\\Loc...')
#2 C:\Users\Hp\Local Sites\oauth-influencer-onboarding\app\public\wp-load.php(50): require_once('C:\\Users\\Hp\\Loc...')
#3 C:\Users\Hp\Local Sites\oauth-influencer-onboarding\app\public\wp-admin\admin-ajax.php(22): require_once('C:\\Users\\Hp\\Loc...')
#4 {main}
  thrown in C:\Users\Hp\Local Sites\oauth-influencer-onboarding\app\public\wp-content\plugins\oauth-influencer-onboarding\oauth-influencer-onboarding.php on line 22
[02-Jun-2026 13:49:27 UTC] PHP Warning:  require_once(C:\Users\Hp\Local Sites\oauth-influencer-onboarding\app\public\wp-content\plugins\oauth-influencer-onboarding/includes/class-instagram-oauth.php): Failed to open stream: No such file or directory in C:\Users\Hp\Local Sites\oauth-influencer-onboarding\app\public\wp-content\plugins\oauth-influencer-onboarding\oauth-influencer-onboarding.php on line 22
[02-Jun-2026 13:49:27 UTC] PHP Fatal error:  Uncaught Error: Failed opening required 'C:\Users\Hp\Local Sites\oauth-influencer-onboarding\app\public\wp-content\plugins\oauth-influencer-onboarding/includes/class-instagram-oauth.php' (include_path='.:/usr/share/php:/www/wp-content/pear') in C:\Users\Hp\Local Sites\oauth-influencer-onboarding\app\public\wp-content\plugins\oauth-influencer-onboarding\oauth-influencer-onboarding.php:22
Stack trace:
#0 C:\Users\Hp\Local Sites\oauth-influencer-onboarding\app\public\wp-settings.php(589): include_once()
#1 C:\Users\Hp\Local Sites\oauth-influencer-onboarding\app\public\wp-config.php(107): require_once('C:\\Users\\Hp\\Loc...')
#2 C:\Users\Hp\Local Sites\oauth-influencer-onboarding\app\public\wp-load.php(50): require_once('C:\\Users\\Hp\\Loc...')
#3 C:\Users\Hp\Local Sites\oauth-influencer-onboarding\app\public\wp-admin\admin-ajax.php(22): require_once('C:\\Users\\Hp\\Loc...')
#4 {main}
  thrown in C:\Users\Hp\Local Sites\oauth-influencer-onboarding\app\public\wp-content\plugins\oauth-influencer-onboarding\oauth-influencer-onboarding.php on line 22
[02-Jun-2026 13:51:28 UTC] PHP Warning:  require_once(C:\Users\Hp\Local Sites\oauth-influencer-onboarding\app\public\wp-content\plugins\oauth-influencer-onboarding/includes/class-instagram-oauth.php): Failed to open stream: No such file or directory in C:\Users\Hp\Local Sites\oauth-influencer-onboarding\app\public\wp-content\plugins\oauth-influencer-onboarding\oauth-influencer-onboarding.php on line 22
[02-Jun-2026 13:51:28 UTC] PHP Fatal error:  Uncaught Error: Failed opening required 'C:\Users\Hp\Local Sites\oauth-influencer-onboarding\app\public\wp-content\plugins\oauth-influencer-onboarding/includes/class-instagram-oauth.php' (include_path='.:/usr/share/php:/www/wp-content/pear') in C:\Users\Hp\Local Sites\oauth-influencer-onboarding\app\public\wp-content\plugins\oauth-influencer-onboarding\oauth-influencer-onboarding.php:22
Stack trace:
#0 C:\Users\Hp\Local Sites\oauth-influencer-onboarding\app\public\wp-settings.php(589): include_once()
#1 C:\Users\Hp\Local Sites\oauth-influencer-onboarding\app\public\wp-config.php(107): require_once('C:\\Users\\Hp\\Loc...')
#2 C:\Users\Hp\Local Sites\oauth-influencer-onboarding\app\public\wp-load.php(50): require_once('C:\\Users\\Hp\\Loc...')
#3 C:\Users\Hp\Local Sites\oauth-influencer-onboarding\app\public\wp-admin\admin-ajax.php(22): require_once('C:\\Users\\Hp\\Loc...')
#4 {main}
  thrown in C:\Users\Hp\Local Sites\oauth-influencer-onboarding\app\public\wp-content\plugins\oauth-influencer-onboarding\oauth-influencer-onboarding.php on line 22
[02-Jun-2026 13:53:29 UTC] PHP Warning:  require_once(C:\Users\Hp\Local Sites\oauth-influencer-onboarding\app\public\wp-content\plugins\oauth-influencer-onboarding/includes/class-instagram-oauth.php): Failed to open stream: No such file or directory in C:\Users\Hp\Local Sites\oauth-influencer-onboarding\app\public\wp-content\plugins\oauth-influencer-onboarding\oauth-influencer-onboarding.php on line 22
[02-Jun-2026 13:53:29 UTC] PHP Fatal error:  Uncaught Error: Failed opening required 'C:\Users\Hp\Local Sites\oauth-influencer-onboarding\app\public\wp-content\plugins\oauth-influencer-onboarding/includes/class-instagram-oauth.php' (include_path='.:/usr/share/php:/www/wp-content/pear') in C:\Users\Hp\Local Sites\oauth-influencer-onboarding\app\public\wp-content\plugins\oauth-influencer-onboarding\oauth-influencer-onboarding.php:22
Stack trace:
#0 C:\Users\Hp\Local Sites\oauth-influencer-onboarding\app\public\wp-settings.php(589): include_once()
#1 C:\Users\Hp\Local Sites\oauth-influencer-onboarding\app\public\wp-config.php(107): require_once('C:\\Users\\Hp\\Loc...')
#2 C:\Users\Hp\Local Sites\oauth-influencer-onboarding\app\public\wp-load.php(50): require_once('C:\\Users\\Hp\\Loc...')
#3 C:\Users\Hp\Local Sites\oauth-influencer-onboarding\app\public\wp-admin\admin-ajax.php(22): require_once('C:\\Users\\Hp\\Loc...')
#4 {main}
  thrown in C:\Users\Hp\Local Sites\oauth-influencer-onboarding\app\public\wp-content\plugins\oauth-influencer-onboarding\oauth-influencer-onboarding.php on line 22
[02-Jun-2026 13:55:30 UTC] PHP Warning:  require_once(C:\Users\Hp\Local Sites\oauth-influencer-onboarding\app\public\wp-content\plugins\oauth-influencer-onboarding/includes/class-instagram-oauth.php): Failed to open stream: No such file or directory in C:\Users\Hp\Local Sites\oauth-influencer-onboarding\app\public\wp-content\plugins\oauth-influencer-onboarding\oauth-influencer-onboarding.php on line 22
[02-Jun-2026 13:55:30 UTC] PHP Fatal error:  Uncaught Error: Failed opening required 'C:\Users\Hp\Local Sites\oauth-influencer-onboarding\app\public\wp-content\plugins\oauth-influencer-onboarding/includes/class-instagram-oauth.php' (include_path='.:/usr/share/php:/www/wp-content/pear') in C:\Users\Hp\Local Sites\oauth-influencer-onboarding\app\public\wp-content\plugins\oauth-influencer-onboarding\oauth-influencer-onboarding.php:22
Stack trace:
#0 C:\Users\Hp\Local Sites\oauth-influencer-onboarding\app\public\wp-settings.php(589): include_once()
#1 C:\Users\Hp\Local Sites\oauth-influencer-onboarding\app\public\wp-config.php(107): require_once('C:\\Users\\Hp\\Loc...')
#2 C:\Users\Hp\Local Sites\oauth-influencer-onboarding\app\public\wp-load.php(50): require_once('C:\\Users\\Hp\\Loc...')
#3 C:\Users\Hp\Local Sites\oauth-influencer-onboarding\app\public\wp-admin\admin-ajax.php(22): require_once('C:\\Users\\Hp\\Loc...')
#4 {main}
  thrown in C:\Users\Hp\Local Sites\oauth-influencer-onboarding\app\public\wp-content\plugins\oauth-influencer-onboarding\oauth-influencer-onboarding.php on line 22
[02-Jun-2026 14:23:46 UTC] PHP Fatal error:  Uncaught TypeError: ltrim(): Argument #1 ($string) must be of type string, WP_Error given in C:\Users\Hp\Local Sites\oauth-influencer-onboarding\app\public\wp-includes\formatting.php:4487
Stack trace:
#0 C:\Users\Hp\Local Sites\oauth-influencer-onboarding\app\public\wp-includes\formatting.php(4487): ltrim(Object(WP_Error))
#1 C:\Users\Hp\Local Sites\oauth-influencer-onboarding\app\public\wp-content\plugins\oauth-influencer-onboarding\includes\class-settings.php(46): esc_url(Object(WP_Error))
#2 C:\Users\Hp\Local Sites\oauth-influencer-onboarding\app\public\wp-content\plugins\oauth-influencer-onboarding\oauth-influencer-onboarding.php(60): OIO_Settings->render_settings_page()
#3 C:\Users\Hp\Local Sites\oauth-influencer-onboarding\app\public\wp-includes\class-wp-hook.php(341): oio_render_settings_page('')
#4 C:\Users\Hp\Local Sites\oauth-influencer-onboarding\app\public\wp-includes\class-wp-hook.php(365): WP_Hook->apply_filters('', Array)
#5 C:\Users\Hp\Local Sites\oauth-influencer-onboarding\app\public\wp-includes\plugin.php(522): WP_Hook->do_action(Array)
#6 C:\Users\Hp\Local Sites\oauth-influencer-onboarding\app\public\wp-admin\admin.php(264): do_action('toplevel_page_o...')
#7 {main}
  thrown in C:\Users\Hp\Local Sites\oauth-influencer-onboarding\app\public\wp-includes\formatting.php on line 4487
